<?xml version="1.0" encoding="UTF-8"?>
<!-- Generated by org.testng.reporters.JUnitXMLReporter -->
<testsuite ignored="1" hostname="Balajis-MacBook-Pro.local" failures="0" tests="1" name="Default test" time="6.935" errors="0" timestamp="2023-06-16T15:49:47 IST">
  <testcase classname="com.cgi.test.LoginUITest" name="placeholderTest" time="0.471"/>
  <testcase classname="com.cgi.test.LoginUITest" name="verifyTitleTest" time="0.0">
    <ignored/>
  </testcase> <!-- verifyTitleTest -->
</testsuite> <!-- Default test -->
