<?xml version="1.0" encoding="UTF-8"?>
<!-- Generated by org.testng.reporters.JUnitXMLReporter -->
<testsuite ignored="0" hostname="Balajis-MacBook-Pro.local" failures="0" tests="4" name="Orange Test Safari" time="14.432" errors="0" timestamp="2023-06-16T15:48:29 IST">
  <testcase classname="com.cgi.test.LoginUITest" name="placeholderTest" time="0.509"/>
  <testcase classname="com.cgi.test.LoginUITest" name="placeholderTest" time="0.601"/>
  <testcase classname="com.cgi.test.LoginUITest" name="verifyTitleTest" time="0.01"/>
  <testcase classname="com.cgi.test.LoginUITest" name="verifyTitleTest" time="0.012"/>
</testsuite> <!-- Orange Test Safari -->
