<?xml version="1.0" encoding="UTF-8"?>
<testng-results ignored="1" total="2" passed="1" failed="0" skipped="0">
  <reporter-output>
  </reporter-output>
  <suite started-at="2023-06-16T15:49:40 IST" name="Default suite" finished-at="2023-06-16T15:49:47 IST" duration-ms="6935">
    <groups>
    </groups>
    <test started-at="2023-06-16T15:49:40 IST" name="Default test" finished-at="2023-06-16T15:49:47 IST" duration-ms="6935">
      <class name="com.cgi.test.LoginUITest">
        <test-method is-config="true" signature="setup(java.lang.String)[pri:0, instance:com.cgi.test.LoginUITest@11a9e7c8]" started-at="2023-06-16T15:49:40 IST" name="setup" finished-at="2023-06-16T15:49:46 IST" duration-ms="6313" status="PASS">
          <params>
            <param index="0">
              <value>
                <![CDATA[ch]]>
              </value>
            </param>
          </params>
          <reporter-output>
          </reporter-output>
        </test-method> <!-- setup -->
        <test-method signature="placeholderTest()[pri:0, instance:com.cgi.test.LoginUITest@11a9e7c8]" started-at="2023-06-16T15:49:46 IST" name="placeholderTest" finished-at="2023-06-16T15:49:47 IST" duration-ms="471" status="PASS">
          <reporter-output>
          </reporter-output>
        </test-method> <!-- placeholderTest -->
        <test-method is-config="true" signature="teardown()[pri:0, instance:com.cgi.test.LoginUITest@11a9e7c8]" started-at="2023-06-16T15:49:47 IST" name="teardown" finished-at="2023-06-16T15:49:47 IST" duration-ms="118" status="PASS">
          <reporter-output>
          </reporter-output>
        </test-method> <!-- teardown -->
      </class> <!-- com.cgi.test.LoginUITest -->
    </test> <!-- Default test -->
  </suite> <!-- Default suite -->
</testng-results>
